<?xml version="1.0" encoding="UTF-8"?>
<!-- Generated by org.testng.reporters.JUnitXMLReporter -->
<testsuite ignored="0" hostname="DESKTOP-BL8LJPH" failures="1" tests="2" name="Test" time="13.866" errors="0" timestamp="2025-11-18T11:52:46 IST">
  <testcase classname="TestCases.TestCases" name="addProduct" time="1.254">
    <failure type="java.lang.RuntimeException" message="Product not found: ADIDAS ORIGINA">
      <![CDATA[java.lang.RuntimeException: Product not found: ADIDAS ORIGINA
at pageObjects.ProductPage.lambda$2(ProductPage.java:44)
at java.base/java.util.Optional.ifPresentOrElse(Optional.java:198)
at pageObjects.ProductPage.addProductToCart(ProductPage.java:42)
at TestCases.TestCases.addProduct(TestCases.java:44)
at java.base/java.util.concurrent.ThreadPoolExecutor.runWorker(ThreadPoolExecutor.java:1144)
at java.base/java.util.concurrent.ThreadPoolExecutor$Worker.run(ThreadPoolExecutor.java:642)
at java.base/java.lang.Thread.run(Thread.java:1583)
... Removed 7 stack frames]]>
    </failure>
  </testcase> <!-- addProduct -->
  <testcase classname="TestCases.TestCases" name="loginTest" time="0.643"/>
</testsuite> <!-- Test -->
