<?xml version="1.0" encoding="UTF-8"?>
<testng-results ignored="0" total="2" passed="1" failed="1" skipped="0">
  <reporter-output>
  </reporter-output>
  <suite started-at="2025-11-18T11:52:31 IST" name="Suite" finished-at="2025-11-18T11:52:45 IST" duration-ms="13866">
    <groups>
      <group name="regression">
        <method signature="TestCases.addProduct(java.util.HashMap)[pri:0, instance:TestCases.TestCases@7e6f74c]" name="addProduct" class="TestCases.TestCases"/>
      </group> <!-- regression -->
      <group name="smoke">
        <method signature="TestCases.loginTest(java.util.HashMap)[pri:0, instance:TestCases.TestCases@7e6f74c]" name="loginTest" class="TestCases.TestCases"/>
      </group> <!-- smoke -->
    </groups>
    <test started-at="2025-11-18T11:52:31 IST" name="Test" finished-at="2025-11-18T11:52:45 IST" duration-ms="13866">
      <class name="TestCases.TestCases">
        <test-method is-config="true" signature="startApp(org.testng.ITestContext)[pri:0, instance:TestCases.TestCases@7e6f74c]" started-at="2025-11-18T11:52:32 IST" name="startApp" finished-at="2025-11-18T11:52:39 IST" duration-ms="7174" status="PASS">
          <params>
            <param index="0">
              <value>
                <![CDATA[org.testng.TestRunner@73e132e0]]>
              </value>
            </param>
          </params>
          <reporter-output>
          </reporter-output>
        </test-method> <!-- startApp -->
        <test-method signature="addProduct(java.util.HashMap)[pri:0, instance:TestCases.TestCases@7e6f74c]" started-at="2025-11-18T11:52:39 IST" name="addProduct" data-provider="getData" finished-at="2025-11-18T11:52:40 IST" duration-ms="1254" status="FAIL">
          <params>
            <param index="0">
              <value>
                <![CDATA[{password=Bournville1, product=[ADIDAS ORIGINA], email=aevixv@gmail.com}]]>
              </value>
            </param>
          </params>
          <exception class="java.lang.RuntimeException">
            <message>
              <![CDATA[Product not found: ADIDAS ORIGINA]]>
            </message>
            <full-stacktrace>
              <![CDATA[java.lang.RuntimeException: Product not found: ADIDAS ORIGINA
at pageObjects.ProductPage.lambda$2(ProductPage.java:44)
at java.base/java.util.Optional.ifPresentOrElse(Optional.java:198)
at pageObjects.ProductPage.addProductToCart(ProductPage.java:42)
at TestCases.TestCases.addProduct(TestCases.java:44)
at java.base/jdk.internal.reflect.DirectMethodHandleAccessor.invoke(DirectMethodHandleAccessor.java:103)
at java.base/java.lang.reflect.Method.invoke(Method.java:580)
at org.testng.internal.invokers.MethodInvocationHelper.invokeMethod(MethodInvocationHelper.java:141)
at org.testng.internal.invokers.TestInvoker.invokeMethod(TestInvoker.java:687)
at org.testng.internal.invokers.TestInvoker.invokeTestMethod(TestInvoker.java:230)
at org.testng.internal.invokers.TestMethodWithDataProviderMethodWorker.call(TestMethodWithDataProviderMethodWorker.java:81)
at org.testng.internal.thread.Async$AsyncTask.run(Async.java:34)
at java.base/java.util.concurrent.ThreadPoolExecutor.runWorker(ThreadPoolExecutor.java:1144)
at java.base/java.util.concurrent.ThreadPoolExecutor$Worker.run(ThreadPoolExecutor.java:642)
at java.base/java.lang.Thread.run(Thread.java:1583)
]]>
            </full-stacktrace>
          </exception> <!-- java.lang.RuntimeException -->
          <reporter-output>
          </reporter-output>
        </test-method> <!-- addProduct -->
        <test-method is-config="true" signature="tearDown()[pri:0, instance:TestCases.TestCases@7e6f74c]" started-at="2025-11-18T11:52:41 IST" name="tearDown" finished-at="2025-11-18T11:52:41 IST" duration-ms="276" status="PASS">
          <reporter-output>
          </reporter-output>
        </test-method> <!-- tearDown -->
        <test-method is-config="true" signature="startApp(org.testng.ITestContext)[pri:0, instance:TestCases.TestCases@7e6f74c]" started-at="2025-11-18T11:52:41 IST" name="startApp" finished-at="2025-11-18T11:52:44 IST" duration-ms="3343" status="PASS">
          <params>
            <param index="0">
              <value>
                <![CDATA[org.testng.TestRunner@73e132e0]]>
              </value>
            </param>
          </params>
          <reporter-output>
          </reporter-output>
        </test-method> <!-- startApp -->
        <test-method signature="loginTest(java.util.HashMap)[pri:0, instance:TestCases.TestCases@7e6f74c]" started-at="2025-11-18T11:52:44 IST" name="loginTest" data-provider="getData" finished-at="2025-11-18T11:52:45 IST" duration-ms="643" status="PASS">
          <params>
            <param index="0">
              <value>
                <![CDATA[{password=Bournville1, product=[ADIDAS ORIGINA], email=aevixv@gmail.com}]]>
              </value>
            </param>
          </params>
          <reporter-output>
          </reporter-output>
        </test-method> <!-- loginTest -->
        <test-method is-config="true" signature="tearDown()[pri:0, instance:TestCases.TestCases@7e6f74c]" started-at="2025-11-18T11:52:45 IST" name="tearDown" finished-at="2025-11-18T11:52:45 IST" duration-ms="221" status="PASS">
          <reporter-output>
          </reporter-output>
        </test-method> <!-- tearDown -->
      </class> <!-- TestCases.TestCases -->
    </test> <!-- Test -->
  </suite> <!-- Suite -->
</testng-results>
