<?xml version="1.0" encoding="UTF-8"?>
<testng-results ignored="1" total="2" passed="1" failed="0" skipped="0">
  <reporter-output>
  </reporter-output>
  <suite started-at="2025-11-22T20:31:23 IST" name="Default suite" finished-at="2025-11-22T20:31:34 IST" duration-ms="11630">
    <groups>
      <group name="smoke">
        <method signature="TestCases.loginTest(java.util.HashMap)[pri:0, instance:TestCases.TestCases@4afcd809]" name="loginTest" class="TestCases.TestCases"/>
      </group> <!-- smoke -->
    </groups>
    <test started-at="2025-11-22T20:31:23 IST" name="Default test" finished-at="2025-11-22T20:31:34 IST" duration-ms="11630">
      <class name="TestCases.TestCases">
        <test-method is-config="true" signature="startApp(org.testng.ITestContext)[pri:0, instance:TestCases.TestCases@4afcd809]" started-at="2025-11-22T20:31:24 IST" name="startApp" finished-at="2025-11-22T20:31:33 IST" duration-ms="9081" status="PASS">
          <params>
            <param index="0">
              <value>
                <![CDATA[org.testng.TestRunner@d41f816]]>
              </value>
            </param>
          </params>
          <reporter-output>
          </reporter-output>
        </test-method> <!-- startApp -->
        <test-method signature="loginTest(java.util.HashMap)[pri:0, instance:TestCases.TestCases@4afcd809]" started-at="2025-11-22T20:31:33 IST" name="loginTest" data-provider="getData" finished-at="2025-11-22T20:31:34 IST" duration-ms="778" status="PASS">
          <params>
            <param index="0">
              <value>
                <![CDATA[{password=Bournville1, product=[ADIDAS ORIGINAL], email=aevixv@gmail.com}]]>
              </value>
            </param>
          </params>
          <reporter-output>
          </reporter-output>
        </test-method> <!-- loginTest -->
        <test-method is-config="true" signature="tearDown()[pri:0, instance:TestCases.TestCases@4afcd809]" started-at="2025-11-22T20:31:34 IST" name="tearDown" finished-at="2025-11-22T20:31:34 IST" duration-ms="471" status="PASS">
          <reporter-output>
          </reporter-output>
        </test-method> <!-- tearDown -->
      </class> <!-- TestCases.TestCases -->
    </test> <!-- Default test -->
  </suite> <!-- Default suite -->
</testng-results>
