<?xml version="1.0" encoding="UTF-8"?>
<!-- Generated by org.testng.reporters.JUnitReportReporter -->
<testsuite hostname="DESKTOP-BL8LJPH" failures="0" tests="2" name="TestCases.TestCases" time="12.911" errors="1" timestamp="2025-11-18T11:52:46 IST" skipped="0">
  <testcase classname="TestCases.TestCases" name="loginTest" time="8.093"/>
  <testcase classname="TestCases.TestCases" name="addProduct" time="4.818">
    <error message="Product not found: ADIDAS ORIGINA" type="java.lang.RuntimeException">
      <![CDATA[java.lang.RuntimeException: Product not found: ADIDAS ORIGINA
at pageObjects.ProductPage.lambda$2(ProductPage.java:44)
at java.base/java.util.Optional.ifPresentOrElse(Optional.java:198)
at pageObjects.ProductPage.addProductToCart(ProductPage.java:42)
at TestCases.TestCases.addProduct(TestCases.java:44)
at java.base/jdk.internal.reflect.DirectMethodHandleAccessor.invoke(DirectMethodHandleAccessor.java:103)
at java.base/java.lang.reflect.Method.invoke(Method.java:580)
at org.testng.internal.invokers.MethodInvocationHelper.invokeMethod(MethodInvocationHelper.java:141)
at org.testng.internal.invokers.TestInvoker.invokeMethod(TestInvoker.java:687)
at org.testng.internal.invokers.TestInvoker.invokeTestMethod(TestInvoker.java:230)
at org.testng.internal.invokers.TestMethodWithDataProviderMethodWorker.call(TestMethodWithDataProviderMethodWorker.java:81)
at org.testng.internal.thread.Async$AsyncTask.run(Async.java:34)
at java.base/java.util.concurrent.ThreadPoolExecutor.runWorker(ThreadPoolExecutor.java:1144)
at java.base/java.util.concurrent.ThreadPoolExecutor$Worker.run(ThreadPoolExecutor.java:642)
at java.base/java.lang.Thread.run(Thread.java:1583)
]]>
    </error>
  </testcase> <!-- addProduct -->
</testsuite> <!-- TestCases.TestCases -->
